INFO:root:starting main @ 01/07/2021, 22:37:15
INFO:root:NXT
INFO:root:3 month momentum is 24.829379265518362
INFO:root:6 month momentum is 58.391752577319586
INFO:root:12 month momentum is 10.627880184331797
INFO:root:sma_10 is 6978.2
INFO:root:sma_30 is 6788.866666666667
INFO:root:sma_100 is 6333.98
INFO:root:starting main @ 01/07/2021, 22:43:22
INFO:root:starting main @ 01/07/2021, 22:44:04
INFO:root:NXT
INFO:root:3 month momentum is 24.829379265518362
INFO:root:6 month momentum is 58.391752577319586
INFO:root:12 month momentum is 10.627880184331797
INFO:root:sma_10 is 6978.2
INFO:root:sma_30 is 6788.866666666667
INFO:root:sma_100 is 6333.98
INFO:root:starting main @ 01/07/2021, 22:46:44
INFO:root:NXT
INFO:root:3 month momentum is 24.829379265518362
INFO:root:6 month momentum is 58.391752577319586
INFO:root:12 month momentum is 10.627880184331797
INFO:root:sma_10 is 6978.2
INFO:root:sma_30 is 6788.866666666667
INFO:root:sma_100 is 6333.98
INFO:root:starting main @ 01/07/2021, 22:48:01
INFO:root:NXT
INFO:root:3 month momentum is 24.829379265518362
INFO:root:6 month momentum is 58.391752577319586
INFO:root:12 month momentum is 10.627880184331797
INFO:root:sma_10 is 6978.2
INFO:root:sma_30 is 6788.866666666667
INFO:root:sma_100 is 6333.98
INFO:root:volume_average_3m 447986.3333333333
INFO:root:volume_average_historic is 500172.01666666666
INFO:root:starting main @ 01/08/2021, 16:50:56
INFO:root:starting main @ 01/08/2021, 16:51:52
INFO:root:starting main @ 01/08/2021, 16:52:31
INFO:root:starting main @ 01/08/2021, 17:00:08
INFO:root:starting main @ 01/08/2021, 17:01:33
INFO:root:NXT
INFO:root:3 month momentum is 23.578541599743012
INFO:root:6 month momentum is 61.13089005235602
INFO:root:12 month momentum is 11.47493480150681
INFO:root:sma_10 is 7068.0
INFO:root:sma_30 is 6822.866666666667
INFO:root:sma_100 is 6351.78
INFO:root:volume_average_3m 453040.2
INFO:root:volume_average_historic is 510589.1
INFO:root:starting main @ 01/08/2021, 17:05:48
INFO:root:starting main @ 01/08/2021, 19:34:34
INFO:root:starting main @ 01/08/2021, 19:39:11
INFO:root:starting main @ 01/08/2021, 19:40:49
INFO:root:starting main @ 01/08/2021, 19:44:48
INFO:root:starting main @ 01/08/2021, 19:45:26
INFO:root:NXT
INFO:root:3 month momentum is 23.578541599743012
INFO:root:6 month momentum is 61.13089005235602
INFO:root:12 month momentum is 11.47493480150681
INFO:root:sma_10 is 7068.0
INFO:root:sma_30 is 6822.866666666667
INFO:root:sma_100 is 6351.78
INFO:root:volume_average_3m 462257.5333333333
INFO:root:volume_average_historic is 519855.6666666667
INFO:root:starting main @ 01/08/2021, 20:46:52
INFO:root:starting main @ 01/08/2021, 20:47:17
INFO:root:starting main @ 01/08/2021, 20:48:06
INFO:root:starting main @ 01/09/2021, 00:26:30
INFO:root:starting main @ 01/09/2021, 00:48:17
INFO:root:starting main @ 01/09/2021, 01:00:00
INFO:root:starting main @ 01/09/2021, 15:52:13
INFO:root:starting main @ 01/09/2021, 15:53:09
INFO:root:starting main @ 01/09/2021, 15:53:47
INFO:root:starting main @ 01/09/2021, 16:04:21
INFO:root:starting main @ 01/09/2021, 16:19:16
INFO:root:starting main @ 01/09/2021, 16:21:59
INFO:root:starting main @ 01/09/2021, 16:23:39
INFO:root:starting main @ 01/09/2021, 16:25:01
INFO:root:starting main @ 01/09/2021, 16:27:27
INFO:root:starting main @ 01/09/2021, 16:28:28
INFO:root:starting main @ 01/09/2021, 16:28:54
INFO:root:starting main @ 01/09/2021, 16:29:31
INFO:root:starting main @ 01/09/2021, 16:34:18
INFO:root:starting main @ 01/09/2021, 16:42:17
INFO:root:starting main @ 01/09/2021, 16:56:52
INFO:root:starting main @ 01/09/2021, 16:59:22
INFO:root:starting main @ 01/09/2021, 17:01:23
INFO:root:starting main @ 01/09/2021, 21:17:55
INFO:root:starting main @ 01/10/2021, 14:15:14
INFO:root:starting main @ 01/10/2021, 14:26:07
INFO:root:starting main @ 01/10/2021, 14:30:38
INFO:root:starting main @ 01/10/2021, 15:12:53
INFO:root:starting main @ 01/10/2021, 16:32:09
INFO:root:starting main @ 01/10/2021, 16:33:28
INFO:root:starting main @ 01/10/2021, 16:41:44
INFO:root:starting main @ 01/10/2021, 16:42:55
INFO:root:starting main @ 01/10/2021, 16:43:58
INFO:root:starting main @ 01/10/2021, 16:44:58
INFO:root:starting main @ 01/10/2021, 16:47:17
INFO:root:starting main @ 01/10/2021, 16:49:28
INFO:root:starting main @ 01/10/2021, 16:50:38
INFO:root:starting main @ 01/10/2021, 16:50:59
INFO:root:starting main @ 01/10/2021, 16:51:36
INFO:root:starting main @ 01/10/2021, 16:52:51
INFO:root:starting main @ 01/10/2021, 16:58:16
INFO:root:starting main @ 01/10/2021, 16:59:27
INFO:root:starting main @ 01/10/2021, 17:00:25
INFO:root:starting main @ 01/10/2021, 17:03:31
INFO:root:starting main @ 01/10/2021, 17:05:09
INFO:root:starting main @ 01/10/2021, 17:08:52
INFO:root:starting main @ 01/10/2021, 17:09:26
INFO:root:starting main @ 01/10/2021, 17:09:46
INFO:root:starting main @ 01/10/2021, 17:10:06
INFO:root:starting main @ 01/10/2021, 17:10:28
INFO:root:starting main @ 01/10/2021, 17:12:42
INFO:root:starting main @ 01/10/2021, 17:13:06
INFO:root:NXT
INFO:root:starting main @ 01/10/2021, 17:13:33
INFO:root:starting main @ 01/10/2021, 20:37:43
INFO:root:NXT
INFO:root:starting main @ 01/10/2021, 20:45:59
INFO:root:starting main @ 01/10/2021, 20:54:36
INFO:root:NXT
INFO:root:starting main @ 01/10/2021, 20:55:48
INFO:root:NXT
INFO:root:starting main @ 01/11/2021, 21:54:52
INFO:root:starting main @ 01/11/2021, 22:01:47
INFO:root:starting main @ 01/11/2021, 22:02:17
INFO:root:NXT
INFO:root:3 month momentum is 21.890862944162436
INFO:root:6 month momentum is 64.43398245238605
INFO:root:12 month momentum is 11.265566174341153
INFO:root:sma_10 is 7278.6
INFO:root:sma_30 is 6886.0
INFO:root:sma_100 is 6386.2
INFO:root:starting main @ 01/11/2021, 22:03:06
INFO:root:NXT
INFO:root:3 month momentum is 21.890862944162436
INFO:root:6 month momentum is 64.43398245238605
INFO:root:12 month momentum is 11.265566174341153
INFO:root:sma_10 is 7278.6
INFO:root:sma_30 is 6886.0
INFO:root:sma_100 is 6386.2
INFO:root:starting main @ 01/11/2021, 22:03:30
INFO:root:NXT
INFO:root:3 month momentum is 21.890862944162436
INFO:root:6 month momentum is 64.43398245238605
INFO:root:12 month momentum is 11.265566174341153
INFO:root:sma_10 is 7278.6
INFO:root:sma_30 is 6886.0
INFO:root:sma_100 is 6386.2
INFO:root:starting main @ 01/11/2021, 22:04:04
INFO:root:NXT
INFO:root:3 month momentum is 21.890862944162436
INFO:root:6 month momentum is 64.43398245238605
INFO:root:12 month momentum is 11.265566174341153
INFO:root:sma_10 is 7278.6
INFO:root:sma_30 is 6886.0
INFO:root:sma_100 is 6386.2
INFO:root:volume_average_1 458580.38095238095
INFO:root:volume_average_2 is 555381.8833333333
